# JRE version: OpenJDK Runtime Environment (8.0_242-b01) (build 1.8.0_242-release-1644-b01)
# Java VM: OpenJDK 64-Bit Server VM (25.242-b01 mixed mode windows-amd64 compressed oops)
Heap:
 PSYoungGen      total 410112K, used 49196K [0x00000000e0000000, 0x00000000ffe00000, 0x0000000100000000)
  eden space 304128K, 9% used [0x00000000e0000000,0x00000000e1d0dbb0,0x00000000f2900000)
  from space 105984K, 18% used [0x00000000f2900000,0x00000000f3bfd5d0,0x00000000f9080000)
  to   space 101888K, 0% used [0x00000000f9a80000,0x00000000f9a80000,0x00000000ffe00000)
 ParOldGen       total 362496K, used 204419K [0x00000000a0000000, 0x00000000b6200000, 0x00000000e0000000)
  object space 362496K, 56% used [0x00000000a0000000,0x00000000ac7a0c10,0x00000000b6200000)
 Metaspace       used 137547K, capacity 147786K, committed 149504K, reserved 1179648K
  class space    used 17297K, capacity 19238K, committed 19968K, reserved 1048576K
GC Heap History (10 events):
Event: 7080.109 GC heap before
{Heap before GC invocations=37 (full 5):
 PSYoungGen      total 351744K, used 351359K [0x00000000e0000000, 0x00000000fe680000, 0x0000000100000000)
  eden space 300544K, 99% used [0x00000000e0000000,0x00000000f2522468,0x00000000f2580000)
  from space 51200K, 99% used [0x00000000f2580000,0x00000000f577db40,0x00000000f5780000)
  to   space 67584K, 0% used [0x00000000fa480000,0x00000000fa480000,0x00000000fe680000)
 ParOldGen       total 209920K, used 100612K [0x00000000a0000000, 0x00000000acd00000, 0x00000000e0000000)
  object space 209920K, 47% used [0x00000000a0000000,0x00000000a6241278,0x00000000acd00000)
 Metaspace       used 138052K, capacity 149276K, committed 149504K, reserved 1179648K
  class space    used 17603K, capacity 19864K, committed 19968K, reserved 1048576K
Event: 7082.283 GC heap after
Heap after GC invocations=37 (full 5):
 PSYoungGen      total 367616K, used 67554K [0x00000000e0000000, 0x0000000100000000, 0x0000000100000000)
  eden space 300032K, 0% used [0x00000000e0000000,0x00000000e0000000,0x00000000f2500000)
  from space 67584K, 99% used [0x00000000fa480000,0x00000000fe678918,0x00000000fe680000)
  to   space 112128K, 0% used [0x00000000f2500000,0x00000000f2500000,0x00000000f9280000)
 ParOldGen       total 209920K, used 192954K [0x00000000a0000000, 0x00000000acd00000, 0x00000000e0000000)
  object space 209920K, 91% used [0x00000000a0000000,0x00000000abc6eba8,0x00000000acd00000)
 Metaspace       used 138052K, capacity 149276K, committed 149504K, reserved 1179648K
  class space    used 17603K, capacity 19864K, committed 19968K, reserved 1048576K
}
Event: 7082.286 GC heap before
{Heap before GC invocations=38 (full 6):
 PSYoungGen      total 367616K, used 67554K [0x00000000e0000000, 0x0000000100000000, 0x0000000100000000)
  eden space 300032K, 0% used [0x00000000e0000000,0x00000000e0000000,0x00000000f2500000)
  from space 67584K, 99% used [0x00000000fa480000,0x00000000fe678918,0x00000000fe680000)
  to   space 112128K, 0% used [0x00000000f2500000,0x00000000f2500000,0x00000000f9280000)
 ParOldGen       total 209920K, used 192954K [0x00000000a0000000, 0x00000000acd00000, 0x00000000e0000000)
  object space 209920K, 91% used [0x00000000a0000000,0x00000000abc6eba8,0x00000000acd00000)
 Metaspace       used 138052K, capacity 149276K, committed 149504K, reserved 1179648K
  class space    used 17603K, capacity 19864K, committed 19968K, reserved 1048576K
Event: 7099.607 GC heap after
Heap after GC invocations=38 (full 6):
 PSYoungGen      total 367616K, used 0K [0x00000000e0000000, 0x0000000100000000, 0x0000000100000000)
  eden space 300032K, 0% used [0x00000000e0000000,0x00000000e0000000,0x00000000f2500000)
  from space 67584K, 0% used [0x00000000fa480000,0x00000000fa480000,0x00000000fe680000)
  to   space 112128K, 0% used [0x00000000f2500000,0x00000000f2500000,0x00000000f9280000)
 ParOldGen       total 362496K, used 204403K [0x00000000a0000000, 0x00000000b6200000, 0x00000000e0000000)
  object space 362496K, 56% used [0x00000000a0000000,0x00000000ac79cc10,0x00000000b6200000)
 Metaspace       used 135112K, capacity 145122K, committed 149504K, reserved 1179648K
  class space    used 17142K, capacity 19022K, committed 19968K, reserved 1048576K
}
Event: 7115.929 GC heap before
{Heap before GC invocations=39 (full 6):
 PSYoungGen      total 367616K, used 299810K [0x00000000e0000000, 0x0000000100000000, 0x0000000100000000)
  eden space 300032K, 99% used [0x00000000e0000000,0x00000000f24c8938,0x00000000f2500000)
  from space 67584K, 0% used [0x00000000fa480000,0x00000000fa480000,0x00000000fe680000)
  to   space 112128K, 0% used [0x00000000f2500000,0x00000000f2500000,0x00000000f9280000)
 ParOldGen       total 362496K, used 204403K [0x00000000a0000000, 0x00000000b6200000, 0x00000000e0000000)
  object space 362496K, 56% used [0x00000000a0000000,0x00000000ac79cc10,0x00000000b6200000)
 Metaspace       used 135449K, capacity 145532K, committed 149504K, reserved 1179648K
  class space    used 17158K, capacity 19065K, committed 19968K, reserved 1048576K
Event: 7116.176 GC heap after
Heap after GC invocations=39 (full 6):
 PSYoungGen      total 412160K, used 24733K [0x00000000e0000000, 0x0000000100000000, 0x0000000100000000)
  eden space 300032K, 0% used [0x00000000e0000000,0x00000000e0000000,0x00000000f2500000)
  from space 112128K, 22% used [0x00000000f2500000,0x00000000f3d27780,0x00000000f9280000)
  to   space 108032K, 0% used [0x00000000f9680000,0x00000000f9680000,0x0000000100000000)
 ParOldGen       total 362496K, used 204411K [0x00000000a0000000, 0x00000000b6200000, 0x00000000e0000000)
  object space 362496K, 56% used [0x00000000a0000000,0x00000000ac79ec10,0x00000000b6200000)
 Metaspace       used 135449K, capacity 145532K, committed 149504K, reserved 1179648K
  class space    used 17158K, capacity 19065K, committed 19968K, reserved 1048576K
}
Event: 7140.850 GC heap before
{Heap before GC invocations=40 (full 6):
 PSYoungGen      total 412160K, used 324765K [0x00000000e0000000, 0x0000000100000000, 0x0000000100000000)
  eden space 300032K, 100% used [0x00000000e0000000,0x00000000f2500000,0x00000000f2500000)
  from space 112128K, 22% used [0x00000000f2500000,0x00000000f3d27780,0x00000000f9280000)
  to   space 108032K, 0% used [0x00000000f9680000,0x00000000f9680000,0x0000000100000000)
 ParOldGen       total 362496K, used 204411K [0x00000000a0000000, 0x00000000b6200000, 0x00000000e0000000)
  object space 362496K, 56% used [0x00000000a0000000,0x00000000ac79ec10,0x00000000b6200000)
 Metaspace       used 136890K, capacity 147026K, committed 149504K, reserved 1179648K
  class space    used 17225K, capacity 19142K, committed 19968K, reserved 1048576K
Event: 7140.933 GC heap after
Heap after GC invocations=40 (full 6):
 PSYoungGen      total 403968K, used 13553K [0x00000000e0000000, 0x00000000ff800000, 0x0000000100000000)
  eden space 304128K, 0% used [0x00000000e0000000,0x00000000e0000000,0x00000000f2900000)
  from space 99840K, 13% used [0x00000000f9680000,0x00000000fa3bc4d0,0x00000000ff800000)
  to   space 105984K, 0% used [0x00000000f2900000,0x00000000f2900000,0x00000000f9080000)
 ParOldGen       total 362496K, used 204419K [0x00000000a0000000, 0x00000000b6200000, 0x00000000e0000000)
  object space 362496K, 56% used [0x00000000a0000000,0x00000000ac7a0c10,0x00000000b6200000)
 Metaspace       used 136890K, capacity 147026K, committed 149504K, reserved 1179648K
  class space    used 17225K, capacity 19142K, committed 19968K, reserved 1048576K
}
Event: 7162.828 GC heap before
{Heap before GC invocations=41 (full 6):
 PSYoungGen      total 403968K, used 317681K [0x00000000e0000000, 0x00000000ff800000, 0x0000000100000000)
  eden space 304128K, 100% used [0x00000000e0000000,0x00000000f2900000,0x00000000f2900000)
  from space 99840K, 13% used [0x00000000f9680000,0x00000000fa3bc4d0,0x00000000ff800000)
  to   space 105984K, 0% used [0x00000000f2900000,0x00000000f2900000,0x00000000f9080000)
 ParOldGen       total 362496K, used 204419K [0x00000000a0000000, 0x00000000b6200000, 0x00000000e0000000)
  object space 362496K, 56% used [0x00000000a0000000,0x00000000ac7a0c10,0x00000000b6200000)
 Metaspace       used 137372K, capacity 147576K, committed 149504K, reserved 1179648K
  class space    used 17270K, capacity 19179K, committed 19968K, reserved 1048576K
Event: 7162.999 GC heap after
Heap after GC invocations=41 (full 6):
 PSYoungGen      total 410112K, used 19445K [0x00000000e0000000, 0x00000000ffe00000, 0x0000000100000000)
  eden space 304128K, 0% used [0x00000000e0000000,0x00000000e0000000,0x00000000f2900000)
  from space 105984K, 18% used [0x00000000f2900000,0x00000000f3bfd5d0,0x00000000f9080000)
  to   space 101888K, 0% used [0x00000000f9a80000,0x00000000f9a80000,0x00000000ffe00000)
 ParOldGen       total 362496K, used 204419K [0x00000000a0000000, 0x00000000b6200000, 0x00000000e0000000)
  object space 362496K, 56% used [0x00000000a0000000,0x00000000ac7a0c10,0x00000000b6200000)
 Metaspace       used 137372K, capacity 147576K, committed 149504K, reserved 1179648K
  class space    used 17270K, capacity 19179K, committed 19968K, reserved 1048576K
}

