# JRE version: OpenJDK Runtime Environment (8.0_242-b01) (build 1.8.0_242-release-1644-b01)
# Java VM: OpenJDK 64-Bit Server VM (25.242-b01 mixed mode windows-amd64 compressed oops)
Heap:
 PSYoungGen      total 126976K, used 19028K [0x00000000e0000000, 0x00000000e8b00000, 0x0000000100000000)
  eden space 113152K, 4% used [0x00000000e0000000,0x00000000e051b258,0x00000000e6e80000)
  from space 13824K, 99% used [0x00000000e6e80000,0x00000000e7bf9ec8,0x00000000e7c00000)
  to   space 10752K, 0% used [0x00000000e7c00000,0x00000000e7c00000,0x00000000e8680000)
 ParOldGen       total 76288K, used 26004K [0x00000000a0000000, 0x00000000a4a80000, 0x00000000e0000000)
  object space 76288K, 34% used [0x00000000a0000000,0x00000000a1965358,0x00000000a4a80000)
 Metaspace       used 54251K, capacity 56496K, committed 56664K, reserved 1097728K
  class space    used 7222K, capacity 7716K, committed 7808K, reserved 1048576K
GC Heap History (10 events):
Event: 34.710 GC heap before
{Heap before GC invocations=11 (full 1):
 PSYoungGen      total 69120K, used 52823K [0x00000000e0000000, 0x00000000e6c00000, 0x0000000100000000)
  eden space 58368K, 74% used [0x00000000e0000000,0x00000000e2a5f8d8,0x00000000e3900000)
  from space 10752K, 87% used [0x00000000e3900000,0x00000000e4236518,0x00000000e4380000)
  to   space 11776K, 0% used [0x00000000e6080000,0x00000000e6080000,0x00000000e6c00000)
 ParOldGen       total 53248K, used 9377K [0x00000000a0000000, 0x00000000a3400000, 0x00000000e0000000)
  object space 53248K, 17% used [0x00000000a0000000,0x00000000a09286d0,0x00000000a3400000)
 Metaspace       used 34207K, capacity 35398K, committed 35416K, reserved 1079296K
  class space    used 4686K, capacity 4974K, committed 4992K, reserved 1048576K
Event: 34.831 GC heap after
Heap after GC invocations=11 (full 1):
 PSYoungGen      total 99328K, used 5987K [0x00000000e0000000, 0x00000000e6f00000, 0x0000000100000000)
  eden space 87552K, 0% used [0x00000000e0000000,0x00000000e0000000,0x00000000e5580000)
  from space 11776K, 50% used [0x00000000e6080000,0x00000000e6658f50,0x00000000e6c00000)
  to   space 11264K, 0% used [0x00000000e5580000,0x00000000e5580000,0x00000000e6080000)
 ParOldGen       total 53248K, used 12538K [0x00000000a0000000, 0x00000000a3400000, 0x00000000e0000000)
  object space 53248K, 23% used [0x00000000a0000000,0x00000000a0c3e988,0x00000000a3400000)
 Metaspace       used 34207K, capacity 35398K, committed 35416K, reserved 1079296K
  class space    used 4686K, capacity 4974K, committed 4992K, reserved 1048576K
}
Event: 34.831 GC heap before
{Heap before GC invocations=12 (full 2):
 PSYoungGen      total 99328K, used 5987K [0x00000000e0000000, 0x00000000e6f00000, 0x0000000100000000)
  eden space 87552K, 0% used [0x00000000e0000000,0x00000000e0000000,0x00000000e5580000)
  from space 11776K, 50% used [0x00000000e6080000,0x00000000e6658f50,0x00000000e6c00000)
  to   space 11264K, 0% used [0x00000000e5580000,0x00000000e5580000,0x00000000e6080000)
 ParOldGen       total 53248K, used 12538K [0x00000000a0000000, 0x00000000a3400000, 0x00000000e0000000)
  object space 53248K, 23% used [0x00000000a0000000,0x00000000a0c3e988,0x00000000a3400000)
 Metaspace       used 34207K, capacity 35398K, committed 35416K, reserved 1079296K
  class space    used 4686K, capacity 4974K, committed 4992K, reserved 1048576K
Event: 35.072 GC heap after
Heap after GC invocations=12 (full 2):
 PSYoungGen      total 99328K, used 0K [0x00000000e0000000, 0x00000000e6f00000, 0x0000000100000000)
  eden space 87552K, 0% used [0x00000000e0000000,0x00000000e0000000,0x00000000e5580000)
  from space 11776K, 0% used [0x00000000e6080000,0x00000000e6080000,0x00000000e6c00000)
  to   space 11264K, 0% used [0x00000000e5580000,0x00000000e5580000,0x00000000e6080000)
 ParOldGen       total 76288K, used 15805K [0x00000000a0000000, 0x00000000a4a80000, 0x00000000e0000000)
  object space 76288K, 20% used [0x00000000a0000000,0x00000000a0f6f5b0,0x00000000a4a80000)
 Metaspace       used 34207K, capacity 35398K, committed 35416K, reserved 1079296K
  class space    used 4686K, capacity 4974K, committed 4992K, reserved 1048576K
}
Event: 37.382 GC heap before
{Heap before GC invocations=13 (full 2):
 PSYoungGen      total 99328K, used 87552K [0x00000000e0000000, 0x00000000e6f00000, 0x0000000100000000)
  eden space 87552K, 100% used [0x00000000e0000000,0x00000000e5580000,0x00000000e5580000)
  from space 11776K, 0% used [0x00000000e6080000,0x00000000e6080000,0x00000000e6c00000)
  to   space 11264K, 0% used [0x00000000e5580000,0x00000000e5580000,0x00000000e6080000)
 ParOldGen       total 76288K, used 15805K [0x00000000a0000000, 0x00000000a4a80000, 0x00000000e0000000)
  object space 76288K, 20% used [0x00000000a0000000,0x00000000a0f6f5b0,0x00000000a4a80000)
 Metaspace       used 36772K, capacity 38346K, committed 38616K, reserved 1083392K
  class space    used 5039K, capacity 5374K, committed 5376K, reserved 1048576K
Event: 37.399 GC heap after
Heap after GC invocations=13 (full 2):
 PSYoungGen      total 98816K, used 5498K [0x00000000e0000000, 0x00000000e8680000, 0x0000000100000000)
  eden space 87552K, 0% used [0x00000000e0000000,0x00000000e0000000,0x00000000e5580000)
  from space 11264K, 48% used [0x00000000e5580000,0x00000000e5ade850,0x00000000e6080000)
  to   space 10752K, 0% used [0x00000000e7c00000,0x00000000e7c00000,0x00000000e8680000)
 ParOldGen       total 76288K, used 15813K [0x00000000a0000000, 0x00000000a4a80000, 0x00000000e0000000)
  object space 76288K, 20% used [0x00000000a0000000,0x00000000a0f715b0,0x00000000a4a80000)
 Metaspace       used 36772K, capacity 38346K, committed 38616K, reserved 1083392K
  class space    used 5039K, capacity 5374K, committed 5376K, reserved 1048576K
}
Event: 40.563 GC heap before
{Heap before GC invocations=14 (full 2):
 PSYoungGen      total 98816K, used 93050K [0x00000000e0000000, 0x00000000e8680000, 0x0000000100000000)
  eden space 87552K, 100% used [0x00000000e0000000,0x00000000e5580000,0x00000000e5580000)
  from space 11264K, 48% used [0x00000000e5580000,0x00000000e5ade850,0x00000000e6080000)
  to   space 10752K, 0% used [0x00000000e7c00000,0x00000000e7c00000,0x00000000e8680000)
 ParOldGen       total 76288K, used 15813K [0x00000000a0000000, 0x00000000a4a80000, 0x00000000e0000000)
  object space 76288K, 20% used [0x00000000a0000000,0x00000000a0f715b0,0x00000000a4a80000)
 Metaspace       used 45473K, capacity 47242K, committed 47448K, reserved 1089536K
  class space    used 6127K, capacity 6510K, committed 6528K, reserved 1048576K
Event: 40.611 GC heap after
Heap after GC invocations=14 (full 2):
 PSYoungGen      total 123904K, used 10743K [0x00000000e0000000, 0x00000000e8b00000, 0x0000000100000000)
  eden space 113152K, 0% used [0x00000000e0000000,0x00000000e0000000,0x00000000e6e80000)
  from space 10752K, 99% used [0x00000000e7c00000,0x00000000e867dec0,0x00000000e8680000)
  to   space 13824K, 0% used [0x00000000e6e80000,0x00000000e6e80000,0x00000000e7c00000)
 ParOldGen       total 76288K, used 21050K [0x00000000a0000000, 0x00000000a4a80000, 0x00000000e0000000)
  object space 76288K, 27% used [0x00000000a0000000,0x00000000a148eb68,0x00000000a4a80000)
 Metaspace       used 45473K, capacity 47242K, committed 47448K, reserved 1089536K
  class space    used 6127K, capacity 6510K, committed 6528K, reserved 1048576K
}
Event: 44.862 GC heap before
{Heap before GC invocations=15 (full 2):
 PSYoungGen      total 123904K, used 123895K [0x00000000e0000000, 0x00000000e8b00000, 0x0000000100000000)
  eden space 113152K, 100% used [0x00000000e0000000,0x00000000e6e80000,0x00000000e6e80000)
  from space 10752K, 99% used [0x00000000e7c00000,0x00000000e867dec0,0x00000000e8680000)
  to   space 13824K, 0% used [0x00000000e6e80000,0x00000000e6e80000,0x00000000e7c00000)
 ParOldGen       total 76288K, used 21050K [0x00000000a0000000, 0x00000000a4a80000, 0x00000000e0000000)
  object space 76288K, 27% used [0x00000000a0000000,0x00000000a148eb68,0x00000000a4a80000)
 Metaspace       used 53909K, capacity 56026K, committed 56280K, reserved 1097728K
  class space    used 7162K, capacity 7651K, committed 7680K, reserved 1048576K
Event: 44.952 GC heap after
Heap after GC invocations=15 (full 2):
 PSYoungGen      total 126976K, used 13799K [0x00000000e0000000, 0x00000000e8b00000, 0x0000000100000000)
  eden space 113152K, 0% used [0x00000000e0000000,0x00000000e0000000,0x00000000e6e80000)
  from space 13824K, 99% used [0x00000000e6e80000,0x00000000e7bf9ec8,0x00000000e7c00000)
  to   space 10752K, 0% used [0x00000000e7c00000,0x00000000e7c00000,0x00000000e8680000)
 ParOldGen       total 76288K, used 26004K [0x00000000a0000000, 0x00000000a4a80000, 0x00000000e0000000)
  object space 76288K, 34% used [0x00000000a0000000,0x00000000a1965358,0x00000000a4a80000)
 Metaspace       used 53909K, capacity 56026K, committed 56280K, reserved 1097728K
  class space    used 7162K, capacity 7651K, committed 7680K, reserved 1048576K
}

